[debug] [2021-04-23T16:02:38.619Z] ----------------------------------------------------------------------
[debug] [2021-04-23T16:02:38.621Z] Command:       C:\Program Files\nodejs\node.exe C:\Users\A647998\AppData\Roaming\npm\node_modules\firebase-tools\lib\bin\firebase.js deploy
[debug] [2021-04-23T16:02:38.622Z] CLI Version:   9.10.0
[debug] [2021-04-23T16:02:38.622Z] Platform:      win32
[debug] [2021-04-23T16:02:38.622Z] Node Version:  v15.3.0
[debug] [2021-04-23T16:02:38.624Z] Time:          Fri Apr 23 2021 18:02:38 GMT+0200 (Central European Summer Time)
[debug] [2021-04-23T16:02:38.624Z] ----------------------------------------------------------------------
[debug] 
[debug] [2021-04-23T16:02:38.642Z] > command requires scopes: ["email","openid","https://www.googleapis.com/auth/cloudplatformprojects.readonly","https://www.googleapis.com/auth/firebase","https://www.googleapis.com/auth/cloud-platform"]
[debug] [2021-04-23T16:02:38.643Z] > authorizing via signed-in user (jean.ecard@gmail.com)
[debug] [2021-04-23T16:02:38.643Z] [iam] checking project hrnithoonfirebase for permissions ["firebase.projects.get","firebasehosting.sites.update"]
[debug] [2021-04-23T16:02:38.647Z] > refreshing access token with scopes: ["email","https://www.googleapis.com/auth/cloud-platform","https://www.googleapis.com/auth/cloudplatformprojects.readonly","https://www.googleapis.com/auth/firebase","openid"]
[debug] [2021-04-23T16:02:38.648Z] >>> HTTP REQUEST POST https://www.googleapis.com/oauth2/v3/token  
 <request body omitted>
[debug] [2021-04-23T16:02:59.817Z] [iam] error while checking permissions, command may fail: FirebaseError: Authentication Error: Your credentials are no longer valid. Please run firebase login --reauth

For CI servers and headless environments, generate a new token with firebase login:ci
[debug] [2021-04-23T16:02:59.821Z] > refreshing access token with scopes: []
[debug] [2021-04-23T16:02:59.822Z] >>> HTTP REQUEST POST https://www.googleapis.com/oauth2/v3/token  
 <request body omitted>
[debug] [2021-04-23T16:03:20.876Z] Authentication Error: Your credentials are no longer valid. Please run firebase login --reauth

For CI servers and headless environments, generate a new token with firebase login:ci
[debug] [2021-04-23T16:03:20.884Z] FirebaseError: Authentication Error: Your credentials are no longer valid. Please run firebase login --reauth

For CI servers and headless environments, generate a new token with firebase login:ci
    at invalidCredentialError (C:\Users\A647998\AppData\Roaming\npm\node_modules\firebase-tools\lib\auth.js:141:12)
    at refreshTokens (C:\Users\A647998\AppData\Roaming\npm\node_modules\firebase-tools\lib\auth.js:450:15)
    at processTicksAndRejections (node:internal/process/task_queues:93:5)
    at async Client.getAccessToken (C:\Users\A647998\AppData\Roaming\npm\node_modules\firebase-tools\lib\apiv2.js:144:23)
    at async Client.addAuthHeader (C:\Users\A647998\AppData\Roaming\npm\node_modules\firebase-tools\lib\apiv2.js:135:21)
    at async Client.request (C:\Users\A647998\AppData\Roaming\npm\node_modules\firebase-tools\lib\apiv2.js:93:34)
    at async Object.getFirebaseProject (C:\Users\A647998\AppData\Roaming\npm\node_modules\firebase-tools\lib\management\projects.js:290:21)
    at async Object.getDefaultHostingSite (C:\Users\A647998\AppData\Roaming\npm\node_modules\firebase-tools\lib\getDefaultHostingSite.js:8:21)
    at async requireHostingSite (C:\Users\A647998\AppData\Roaming\npm\node_modules\firebase-tools\lib\requireHostingSite.js:9:18)
    at async Object.fn (C:\Users\A647998\AppData\Roaming\npm\node_modules\firebase-tools\lib\commands\deploy.js:66:9)
    at async C:\Users\A647998\AppData\Roaming\npm\node_modules\firebase-tools\lib\command.js:169:17
[error] 
[error] Error: Failed to get Firebase project hrnithoonfirebase. Please make sure the project exists and your account has permission to access it.
